  Using 'git status' to determine working set for adaptive non-unity build (C:\Users\janca\Documents\Unreal Projects\AGILA_GIT_2).
  Deleted hot-reload file: C:\Users\janca\Documents\Unreal Projects\AGILA_GIT_2\AGILA\Binaries\Win64\UE4Editor-AGILA-0001.dll
  Deleted hot-reload file: C:\Users\janca\Documents\Unreal Projects\AGILA_GIT_2\AGILA\Binaries\Win64\UE4Editor-AGILA-0002.dll
  Deleted hot-reload file: C:\Users\janca\Documents\Unreal Projects\AGILA_GIT_2\AGILA\Binaries\Win64\UE4Editor-AGILA-0003.dll
  Deleted hot-reload file: C:\Users\janca\Documents\Unreal Projects\AGILA_GIT_2\AGILA\Binaries\Win64\UE4Editor-AGILA-0004.dll
  Deleted hot-reload file: C:\Users\janca\Documents\Unreal Projects\AGILA_GIT_2\AGILA\Binaries\Win64\UE4Editor-AGILA-0005.dll
  Deleted hot-reload file: C:\Users\janca\Documents\Unreal Projects\AGILA_GIT_2\AGILA\Binaries\Win64\UE4Editor-AGILA-0006.dll
  Deleted hot-reload file: C:\Users\janca\Documents\Unreal Projects\AGILA_GIT_2\AGILA\Binaries\Win64\UE4Editor-AGILA-0007.dll
  Deleted hot-reload file: C:\Users\janca\Documents\Unreal Projects\AGILA_GIT_2\AGILA\Binaries\Win64\UE4Editor-AGILA-0008.dll
  Deleted hot-reload file: C:\Users\janca\Documents\Unreal Projects\AGILA_GIT_2\AGILA\Binaries\Win64\UE4Editor-AGILA-0009.dll
  Deleted hot-reload file: C:\Users\janca\Documents\Unreal Projects\AGILA_GIT_2\AGILA\Binaries\Win64\UE4Editor-AGILA-0010.dll
  Deleted hot-reload file: C:\Users\janca\Documents\Unreal Projects\AGILA_GIT_2\AGILA\Binaries\Win64\UE4Editor-AGILA-0011.dll
  Deleted hot-reload file: C:\Users\janca\Documents\Unreal Projects\AGILA_GIT_2\AGILA\Binaries\Win64\UE4Editor-AGILA-0012.dll
  Deleted hot-reload file: C:\Users\janca\Documents\Unreal Projects\AGILA_GIT_2\AGILA\Binaries\Win64\UE4Editor-AGILA-0013.dll
  Deleted hot-reload file: C:\Users\janca\Documents\Unreal Projects\AGILA_GIT_2\AGILA\Binaries\Win64\UE4Editor-AGILA-0014.dll
  Deleted hot-reload file: C:\Users\janca\Documents\Unreal Projects\AGILA_GIT_2\AGILA\Binaries\Win64\UE4Editor-AGILA-0015.dll
  Deleted hot-reload file: C:\Users\janca\Documents\Unreal Projects\AGILA_GIT_2\AGILA\Binaries\Win64\UE4Editor-AGILA-0016.dll
  Deleted hot-reload file: C:\Users\janca\Documents\Unreal Projects\AGILA_GIT_2\AGILA\Binaries\Win64\UE4Editor-AGILA-0017.dll
  Deleted hot-reload file: C:\Users\janca\Documents\Unreal Projects\AGILA_GIT_2\AGILA\Binaries\Win64\UE4Editor-AGILA-0018.dll
  Deleted hot-reload file: C:\Users\janca\Documents\Unreal Projects\AGILA_GIT_2\AGILA\Binaries\Win64\UE4Editor-AGILA-0019.dll
  Deleted hot-reload file: C:\Users\janca\Documents\Unreal Projects\AGILA_GIT_2\AGILA\Binaries\Win64\UE4Editor-AGILA-0020.dll
  Deleted hot-reload file: C:\Users\janca\Documents\Unreal Projects\AGILA_GIT_2\AGILA\Binaries\Win64\UE4Editor-AGILA-0021.dll
  Deleted hot-reload file: C:\Users\janca\Documents\Unreal Projects\AGILA_GIT_2\AGILA\Binaries\Win64\UE4Editor-AGILA-0022.dll
  Deleted hot-reload file: C:\Users\janca\Documents\Unreal Projects\AGILA_GIT_2\AGILA\Binaries\Win64\UE4Editor-AGILA-0023.dll
  Deleted hot-reload file: C:\Users\janca\Documents\Unreal Projects\AGILA_GIT_2\AGILA\Binaries\Win64\UE4Editor-AGILA-0024.dll
  Deleted hot-reload file: C:\Users\janca\Documents\Unreal Projects\AGILA_GIT_2\AGILA\Binaries\Win64\UE4Editor-AGILA-0025.dll
  Deleted hot-reload file: C:\Users\janca\Documents\Unreal Projects\AGILA_GIT_2\AGILA\Binaries\Win64\UE4Editor-AGILA-0027.dll
  Deleted hot-reload file: C:\Users\janca\Documents\Unreal Projects\AGILA_GIT_2\AGILA\Binaries\Win64\UE4Editor-AGILA-0029.dll
  Deleted hot-reload file: C:\Users\janca\Documents\Unreal Projects\AGILA_GIT_2\AGILA\Binaries\Win64\UE4Editor-AGILA-0030.dll
  Deleted hot-reload file: C:\Users\janca\Documents\Unreal Projects\AGILA_GIT_2\AGILA\Binaries\Win64\UE4Editor-AGILA-0031.dll
  Deleted hot-reload file: C:\Users\janca\Documents\Unreal Projects\AGILA_GIT_2\AGILA\Binaries\Win64\UE4Editor-AGILA-0032.dll
  Deleted hot-reload file: C:\Users\janca\Documents\Unreal Projects\AGILA_GIT_2\AGILA\Binaries\Win64\UE4Editor-AGILA-0033.dll
  Deleted hot-reload file: C:\Users\janca\Documents\Unreal Projects\AGILA_GIT_2\AGILA\Binaries\Win64\UE4Editor-AGILA-0034.dll
  Deleted hot-reload file: C:\Users\janca\Documents\Unreal Projects\AGILA_GIT_2\AGILA\Binaries\Win64\UE4Editor-AGILA-0035.dll
  Deleted hot-reload file: C:\Users\janca\Documents\Unreal Projects\AGILA_GIT_2\AGILA\Binaries\Win64\UE4Editor-AGILA-0036.dll
  Deleted hot-reload file: C:\Users\janca\Documents\Unreal Projects\AGILA_GIT_2\AGILA\Binaries\Win64\UE4Editor-AGILA-0037.dll
  Deleted hot-reload file: C:\Users\janca\Documents\Unreal Projects\AGILA_GIT_2\AGILA\Binaries\Win64\UE4Editor-AGILA-0038.dll
  Deleted hot-reload file: C:\Users\janca\Documents\Unreal Projects\AGILA_GIT_2\AGILA\Binaries\Win64\UE4Editor-AGILA-0039.dll
  Deleted hot-reload file: C:\Users\janca\Documents\Unreal Projects\AGILA_GIT_2\AGILA\Binaries\Win64\UE4Editor-AGILA-0040.dll
  Deleted hot-reload file: C:\Users\janca\Documents\Unreal Projects\AGILA_GIT_2\AGILA\Binaries\Win64\UE4Editor-AGILA-0041.dll
  Deleted hot-reload file: C:\Users\janca\Documents\Unreal Projects\AGILA_GIT_2\AGILA\Binaries\Win64\UE4Editor-AGILA-0042.dll
  Deleted hot-reload file: C:\Users\janca\Documents\Unreal Projects\AGILA_GIT_2\AGILA\Binaries\Win64\UE4Editor-AGILA-0043.dll
  Deleted hot-reload file: C:\Users\janca\Documents\Unreal Projects\AGILA_GIT_2\AGILA\Binaries\Win64\UE4Editor-AGILA-0044.dll
  Deleted hot-reload file: C:\Users\janca\Documents\Unreal Projects\AGILA_GIT_2\AGILA\Binaries\Win64\UE4Editor-AGILA-0045.dll
  Deleted hot-reload file: C:\Users\janca\Documents\Unreal Projects\AGILA_GIT_2\AGILA\Binaries\Win64\UE4Editor-AGILA-0046.dll
  Deleted hot-reload file: C:\Users\janca\Documents\Unreal Projects\AGILA_GIT_2\AGILA\Binaries\Win64\UE4Editor-AGILA-0047.dll
  Deleted hot-reload file: C:\Users\janca\Documents\Unreal Projects\AGILA_GIT_2\AGILA\Binaries\Win64\UE4Editor-AGILA-0048.dll
  Deleted hot-reload file: C:\Users\janca\Documents\Unreal Projects\AGILA_GIT_2\AGILA\Binaries\Win64\UE4Editor-AGILA-0049.dll
  Deleted hot-reload file: C:\Users\janca\Documents\Unreal Projects\AGILA_GIT_2\AGILA\Binaries\Win64\UE4Editor-AGILA-0050.dll
  Deleted hot-reload file: C:\Users\janca\Documents\Unreal Projects\AGILA_GIT_2\AGILA\Binaries\Win64\UE4Editor-AGILA-0051.dll
  Deleted hot-reload file: C:\Users\janca\Documents\Unreal Projects\AGILA_GIT_2\AGILA\Binaries\Win64\UE4Editor-AGILA-0052.dll
  Deleted hot-reload file: C:\Users\janca\Documents\Unreal Projects\AGILA_GIT_2\AGILA\Binaries\Win64\UE4Editor-AGILA-0053.dll
  Deleted hot-reload file: C:\Users\janca\Documents\Unreal Projects\AGILA_GIT_2\AGILA\Binaries\Win64\UE4Editor-AGILA-0054.dll
  Deleted hot-reload file: C:\Users\janca\Documents\Unreal Projects\AGILA_GIT_2\AGILA\Binaries\Win64\UE4Editor-AGILA-0055.dll
  Deleted hot-reload file: C:\Users\janca\Documents\Unreal Projects\AGILA_GIT_2\AGILA\Binaries\Win64\UE4Editor-AGILA-0056.dll
  Deleted hot-reload file: C:\Users\janca\Documents\Unreal Projects\AGILA_GIT_2\AGILA\Binaries\Win64\UE4Editor-AGILA-0057.dll
  Deleted hot-reload file: C:\Users\janca\Documents\Unreal Projects\AGILA_GIT_2\AGILA\Binaries\Win64\UE4Editor-AGILA-0058.dll
  Deleted hot-reload file: C:\Users\janca\Documents\Unreal Projects\AGILA_GIT_2\AGILA\Binaries\Win64\UE4Editor-AGILA-0060.dll
  Deleted hot-reload file: C:\Users\janca\Documents\Unreal Projects\AGILA_GIT_2\AGILA\Binaries\Win64\UE4Editor-AGILA-0063.dll
  Deleted hot-reload file: C:\Users\janca\Documents\Unreal Projects\AGILA_GIT_2\AGILA\Binaries\Win64\UE4Editor-AGILA-0064.dll
  Deleted hot-reload file: C:\Users\janca\Documents\Unreal Projects\AGILA_GIT_2\AGILA\Binaries\Win64\UE4Editor-AGILA-0065.dll
  Deleted hot-reload file: C:\Users\janca\Documents\Unreal Projects\AGILA_GIT_2\AGILA\Binaries\Win64\UE4Editor-AGILA-0066.dll
  Deleted hot-reload file: C:\Users\janca\Documents\Unreal Projects\AGILA_GIT_2\AGILA\Binaries\Win64\UE4Editor-AGILA-0067.dll
  Deleted hot-reload file: C:\Users\janca\Documents\Unreal Projects\AGILA_GIT_2\AGILA\Binaries\Win64\UE4Editor-AGILA-0068.dll
  Deleted hot-reload file: C:\Users\janca\Documents\Unreal Projects\AGILA_GIT_2\AGILA\Binaries\Win64\UE4Editor-AGILA-0069.dll
  Deleted hot-reload file: C:\Users\janca\Documents\Unreal Projects\AGILA_GIT_2\AGILA\Binaries\Win64\UE4Editor-AGILA-0070.dll
  Deleted hot-reload file: C:\Users\janca\Documents\Unreal Projects\AGILA_GIT_2\AGILA\Binaries\Win64\UE4Editor-AGILA-0071.dll
  Deleted hot-reload file: C:\Users\janca\Documents\Unreal Projects\AGILA_GIT_2\AGILA\Binaries\Win64\UE4Editor-AGILA-0072.dll
  Deleted hot-reload file: C:\Users\janca\Documents\Unreal Projects\AGILA_GIT_2\AGILA\Binaries\Win64\UE4Editor-AGILA-0073.dll
  Deleted hot-reload file: C:\Users\janca\Documents\Unreal Projects\AGILA_GIT_2\AGILA\Binaries\Win64\UE4Editor-AGILA-0074.dll
  Deleted hot-reload file: C:\Users\janca\Documents\Unreal Projects\AGILA_GIT_2\AGILA\Binaries\Win64\UE4Editor-AGILA-0075.dll
  Deleted hot-reload file: C:\Users\janca\Documents\Unreal Projects\AGILA_GIT_2\AGILA\Binaries\Win64\UE4Editor-AGILA-0076.dll
  Deleted hot-reload file: C:\Users\janca\Documents\Unreal Projects\AGILA_GIT_2\AGILA\Binaries\Win64\UE4Editor-AGILA-0078.dll
  Deleted hot-reload file: C:\Users\janca\Documents\Unreal Projects\AGILA_GIT_2\AGILA\Binaries\Win64\UE4Editor-AGILA-0079.dll
  Deleted hot-reload file: C:\Users\janca\Documents\Unreal Projects\AGILA_GIT_2\AGILA\Binaries\Win64\UE4Editor-AGILA-0080.dll
  Deleted hot-reload file: C:\Users\janca\Documents\Unreal Projects\AGILA_GIT_2\AGILA\Binaries\Win64\UE4Editor-AGILA-0081.dll
  Deleted hot-reload file: C:\Users\janca\Documents\Unreal Projects\AGILA_GIT_2\AGILA\Binaries\Win64\UE4Editor-AGILA-0082.dll
  Deleted hot-reload file: C:\Users\janca\Documents\Unreal Projects\AGILA_GIT_2\AGILA\Binaries\Win64\UE4Editor-AGILA-0085.dll
  Deleted hot-reload file: C:\Users\janca\Documents\Unreal Projects\AGILA_GIT_2\AGILA\Binaries\Win64\UE4Editor-AGILA-0086.dll
  Deleted hot-reload file: C:\Users\janca\Documents\Unreal Projects\AGILA_GIT_2\AGILA\Binaries\Win64\UE4Editor-AGILA-0087.dll
  Deleted hot-reload file: C:\Users\janca\Documents\Unreal Projects\AGILA_GIT_2\AGILA\Binaries\Win64\UE4Editor-AGILA-0088.dll
  Deleted hot-reload file: C:\Users\janca\Documents\Unreal Projects\AGILA_GIT_2\AGILA\Binaries\Win64\UE4Editor-AGILA-0089.dll
  Deleted hot-reload file: C:\Users\janca\Documents\Unreal Projects\AGILA_GIT_2\AGILA\Binaries\Win64\UE4Editor-AGILA-0090.dll
  Deleted hot-reload file: C:\Users\janca\Documents\Unreal Projects\AGILA_GIT_2\AGILA\Binaries\Win64\UE4Editor-AGILA-0091.dll
  Deleted hot-reload file: C:\Users\janca\Documents\Unreal Projects\AGILA_GIT_2\AGILA\Binaries\Win64\UE4Editor-AGILA-0092.dll
  Deleted hot-reload file: C:\Users\janca\Documents\Unreal Projects\AGILA_GIT_2\AGILA\Binaries\Win64\UE4Editor-AGILA-0093.dll
  Deleted hot-reload file: C:\Users\janca\Documents\Unreal Projects\AGILA_GIT_2\AGILA\Binaries\Win64\UE4Editor-AGILA-0094.dll
  Deleted hot-reload file: C:\Users\janca\Documents\Unreal Projects\AGILA_GIT_2\AGILA\Binaries\Win64\UE4Editor-AGILA-0095.dll
  Deleted hot-reload file: C:\Users\janca\Documents\Unreal Projects\AGILA_GIT_2\AGILA\Binaries\Win64\UE4Editor-AGILA-0096.dll
  Deleted hot-reload file: C:\Users\janca\Documents\Unreal Projects\AGILA_GIT_2\AGILA\Binaries\Win64\UE4Editor-AGILA-0097.dll
  Deleted hot-reload file: C:\Users\janca\Documents\Unreal Projects\AGILA_GIT_2\AGILA\Binaries\Win64\UE4Editor-AGILA-0098.dll
  Deleted hot-reload file: C:\Users\janca\Documents\Unreal Projects\AGILA_GIT_2\AGILA\Binaries\Win64\UE4Editor-AGILA-0099.dll
  Deleted hot-reload file: C:\Users\janca\Documents\Unreal Projects\AGILA_GIT_2\AGILA\Binaries\Win64\UE4Editor-AGILA-0100.dll
  Deleted hot-reload file: C:\Users\janca\Documents\Unreal Projects\AGILA_GIT_2\AGILA\Binaries\Win64\UE4Editor-AGILA-0101.dll
  Deleted hot-reload file: C:\Users\janca\Documents\Unreal Projects\AGILA_GIT_2\AGILA\Binaries\Win64\UE4Editor-AGILA-0102.dll
  Deleted hot-reload file: C:\Users\janca\Documents\Unreal Projects\AGILA_GIT_2\AGILA\Binaries\Win64\UE4Editor-AGILA-0103.dll
  Deleted hot-reload file: C:\Users\janca\Documents\Unreal Projects\AGILA_GIT_2\AGILA\Binaries\Win64\UE4Editor-AGILA-0104.dll
  Deleted hot-reload file: C:\Users\janca\Documents\Unreal Projects\AGILA_GIT_2\AGILA\Binaries\Win64\UE4Editor-AGILA-0105.dll
  Deleted hot-reload file: C:\Users\janca\Documents\Unreal Projects\AGILA_GIT_2\AGILA\Binaries\Win64\UE4Editor-AGILA-0106.dll
  Deleted hot-reload file: C:\Users\janca\Documents\Unreal Projects\AGILA_GIT_2\AGILA\Binaries\Win64\UE4Editor-AGILA-0107.dll
  Deleted hot-reload file: C:\Users\janca\Documents\Unreal Projects\AGILA_GIT_2\AGILA\Binaries\Win64\UE4Editor-AGILA-0108.dll
  Deleted hot-reload file: C:\Users\janca\Documents\Unreal Projects\AGILA_GIT_2\AGILA\Binaries\Win64\UE4Editor-AGILA-0109.dll
  Deleted hot-reload file: C:\Users\janca\Documents\Unreal Projects\AGILA_GIT_2\AGILA\Binaries\Win64\UE4Editor-AGILA-0110.dll
  Deleted hot-reload file: C:\Users\janca\Documents\Unreal Projects\AGILA_GIT_2\AGILA\Binaries\Win64\UE4Editor-AGILA-0111.dll
  Deleted hot-reload file: C:\Users\janca\Documents\Unreal Projects\AGILA_GIT_2\AGILA\Binaries\Win64\UE4Editor-AGILA-0112.dll
  Deleted hot-reload file: C:\Users\janca\Documents\Unreal Projects\AGILA_GIT_2\AGILA\Binaries\Win64\UE4Editor-AGILA-0113.dll
  Deleted hot-reload file: C:\Users\janca\Documents\Unreal Projects\AGILA_GIT_2\AGILA\Binaries\Win64\UE4Editor-AGILA-0114.dll
  Deleted hot-reload file: C:\Users\janca\Documents\Unreal Projects\AGILA_GIT_2\AGILA\Binaries\Win64\UE4Editor-AGILA-0115.dll
  Deleted hot-reload file: C:\Users\janca\Documents\Unreal Projects\AGILA_GIT_2\AGILA\Binaries\Win64\UE4Editor-AGILA-0117.dll
  Deleted hot-reload file: C:\Users\janca\Documents\Unreal Projects\AGILA_GIT_2\AGILA\Binaries\Win64\UE4Editor-AGILA-0118.dll
  Deleted hot-reload file: C:\Users\janca\Documents\Unreal Projects\AGILA_GIT_2\AGILA\Binaries\Win64\UE4Editor-AGILA-0119.dll
  Deleted hot-reload file: C:\Users\janca\Documents\Unreal Projects\AGILA_GIT_2\AGILA\Binaries\Win64\UE4Editor-AGILA-0120.dll
  Deleted hot-reload file: C:\Users\janca\Documents\Unreal Projects\AGILA_GIT_2\AGILA\Binaries\Win64\UE4Editor-AGILA-0121.dll
  Deleted hot-reload file: C:\Users\janca\Documents\Unreal Projects\AGILA_GIT_2\AGILA\Binaries\Win64\UE4Editor-AGILA-0122.dll
  Deleted hot-reload file: C:\Users\janca\Documents\Unreal Projects\AGILA_GIT_2\AGILA\Binaries\Win64\UE4Editor-AGILA-0123.dll
  Deleted hot-reload file: C:\Users\janca\Documents\Unreal Projects\AGILA_GIT_2\AGILA\Binaries\Win64\UE4Editor-AGILA-0124.dll
  Deleted hot-reload file: C:\Users\janca\Documents\Unreal Projects\AGILA_GIT_2\AGILA\Binaries\Win64\UE4Editor-AGILA-0125.dll
  Deleted hot-reload file: C:\Users\janca\Documents\Unreal Projects\AGILA_GIT_2\AGILA\Binaries\Win64\UE4Editor-AGILA-0126.dll
  Deleted hot-reload file: C:\Users\janca\Documents\Unreal Projects\AGILA_GIT_2\AGILA\Intermediate\Build\Win64\UE4Editor\Development\AGILA\UE4Editor-AGILA-0001.lib
  Deleted hot-reload file: C:\Users\janca\Documents\Unreal Projects\AGILA_GIT_2\AGILA\Intermediate\Build\Win64\UE4Editor\Development\AGILA\UE4Editor-AGILA-0002.lib
  Deleted hot-reload file: C:\Users\janca\Documents\Unreal Projects\AGILA_GIT_2\AGILA\Intermediate\Build\Win64\UE4Editor\Development\AGILA\UE4Editor-AGILA-0003.lib
  Deleted hot-reload file: C:\Users\janca\Documents\Unreal Projects\AGILA_GIT_2\AGILA\Intermediate\Build\Win64\UE4Editor\Development\AGILA\UE4Editor-AGILA-0004.lib
  Deleted hot-reload file: C:\Users\janca\Documents\Unreal Projects\AGILA_GIT_2\AGILA\Intermediate\Build\Win64\UE4Editor\Development\AGILA\UE4Editor-AGILA-0005.lib
  Deleted hot-reload file: C:\Users\janca\Documents\Unreal Projects\AGILA_GIT_2\AGILA\Intermediate\Build\Win64\UE4Editor\Development\AGILA\UE4Editor-AGILA-0006.lib
  Deleted hot-reload file: C:\Users\janca\Documents\Unreal Projects\AGILA_GIT_2\AGILA\Intermediate\Build\Win64\UE4Editor\Development\AGILA\UE4Editor-AGILA-0007.lib
  Deleted hot-reload file: C:\Users\janca\Documents\Unreal Projects\AGILA_GIT_2\AGILA\Intermediate\Build\Win64\UE4Editor\Development\AGILA\UE4Editor-AGILA-0008.lib
  Deleted hot-reload file: C:\Users\janca\Documents\Unreal Projects\AGILA_GIT_2\AGILA\Intermediate\Build\Win64\UE4Editor\Development\AGILA\UE4Editor-AGILA-0009.lib
  Deleted hot-reload file: C:\Users\janca\Documents\Unreal Projects\AGILA_GIT_2\AGILA\Intermediate\Build\Win64\UE4Editor\Development\AGILA\UE4Editor-AGILA-0010.lib
  Deleted hot-reload file: C:\Users\janca\Documents\Unreal Projects\AGILA_GIT_2\AGILA\Intermediate\Build\Win64\UE4Editor\Development\AGILA\UE4Editor-AGILA-0011.lib
  Deleted hot-reload file: C:\Users\janca\Documents\Unreal Projects\AGILA_GIT_2\AGILA\Intermediate\Build\Win64\UE4Editor\Development\AGILA\UE4Editor-AGILA-0012.lib
  Deleted hot-reload file: C:\Users\janca\Documents\Unreal Projects\AGILA_GIT_2\AGILA\Intermediate\Build\Win64\UE4Editor\Development\AGILA\UE4Editor-AGILA-0013.lib
  Deleted hot-reload file: C:\Users\janca\Documents\Unreal Projects\AGILA_GIT_2\AGILA\Intermediate\Build\Win64\UE4Editor\Development\AGILA\UE4Editor-AGILA-0014.lib
  Deleted hot-reload file: C:\Users\janca\Documents\Unreal Projects\AGILA_GIT_2\AGILA\Intermediate\Build\Win64\UE4Editor\Development\AGILA\UE4Editor-AGILA-0015.lib
  Deleted hot-reload file: C:\Users\janca\Documents\Unreal Projects\AGILA_GIT_2\AGILA\Intermediate\Build\Win64\UE4Editor\Development\AGILA\UE4Editor-AGILA-0016.lib
  Deleted hot-reload file: C:\Users\janca\Documents\Unreal Projects\AGILA_GIT_2\AGILA\Intermediate\Build\Win64\UE4Editor\Development\AGILA\UE4Editor-AGILA-0017.lib
  Deleted hot-reload file: C:\Users\janca\Documents\Unreal Projects\AGILA_GIT_2\AGILA\Intermediate\Build\Win64\UE4Editor\Development\AGILA\UE4Editor-AGILA-0018.lib
  Deleted hot-reload file: C:\Users\janca\Documents\Unreal Projects\AGILA_GIT_2\AGILA\Intermediate\Build\Win64\UE4Editor\Development\AGILA\UE4Editor-AGILA-0019.lib
  Deleted hot-reload file: C:\Users\janca\Documents\Unreal Projects\AGILA_GIT_2\AGILA\Intermediate\Build\Win64\UE4Editor\Development\AGILA\UE4Editor-AGILA-0020.lib
  Deleted hot-reload file: C:\Users\janca\Documents\Unreal Projects\AGILA_GIT_2\AGILA\Intermediate\Build\Win64\UE4Editor\Development\AGILA\UE4Editor-AGILA-0021.lib
  Deleted hot-reload file: C:\Users\janca\Documents\Unreal Projects\AGILA_GIT_2\AGILA\Intermediate\Build\Win64\UE4Editor\Development\AGILA\UE4Editor-AGILA-0022.lib
  Deleted hot-reload file: C:\Users\janca\Documents\Unreal Projects\AGILA_GIT_2\AGILA\Intermediate\Build\Win64\UE4Editor\Development\AGILA\UE4Editor-AGILA-0023.lib
  Deleted hot-reload file: C:\Users\janca\Documents\Unreal Projects\AGILA_GIT_2\AGILA\Intermediate\Build\Win64\UE4Editor\Development\AGILA\UE4Editor-AGILA-0024.lib
  Deleted hot-reload file: C:\Users\janca\Documents\Unreal Projects\AGILA_GIT_2\AGILA\Intermediate\Build\Win64\UE4Editor\Development\AGILA\UE4Editor-AGILA-0025.lib
  Deleted hot-reload file: C:\Users\janca\Documents\Unreal Projects\AGILA_GIT_2\AGILA\Intermediate\Build\Win64\UE4Editor\Development\AGILA\UE4Editor-AGILA-0027.lib
  Deleted hot-reload file: C:\Users\janca\Documents\Unreal Projects\AGILA_GIT_2\AGILA\Intermediate\Build\Win64\UE4Editor\Development\AGILA\UE4Editor-AGILA-0029.lib
  Deleted hot-reload file: C:\Users\janca\Documents\Unreal Projects\AGILA_GIT_2\AGILA\Intermediate\Build\Win64\UE4Editor\Development\AGILA\UE4Editor-AGILA-0030.lib
  Deleted hot-reload file: C:\Users\janca\Documents\Unreal Projects\AGILA_GIT_2\AGILA\Intermediate\Build\Win64\UE4Editor\Development\AGILA\UE4Editor-AGILA-0031.lib
  Deleted hot-reload file: C:\Users\janca\Documents\Unreal Projects\AGILA_GIT_2\AGILA\Intermediate\Build\Win64\UE4Editor\Development\AGILA\UE4Editor-AGILA-0032.lib
  Deleted hot-reload file: C:\Users\janca\Documents\Unreal Projects\AGILA_GIT_2\AGILA\Intermediate\Build\Win64\UE4Editor\Development\AGILA\UE4Editor-AGILA-0033.lib
  Deleted hot-reload file: C:\Users\janca\Documents\Unreal Projects\AGILA_GIT_2\AGILA\Intermediate\Build\Win64\UE4Editor\Development\AGILA\UE4Editor-AGILA-0034.lib
  Deleted hot-reload file: C:\Users\janca\Documents\Unreal Projects\AGILA_GIT_2\AGILA\Intermediate\Build\Win64\UE4Editor\Development\AGILA\UE4Editor-AGILA-0035.lib
  Deleted hot-reload file: C:\Users\janca\Documents\Unreal Projects\AGILA_GIT_2\AGILA\Intermediate\Build\Win64\UE4Editor\Development\AGILA\UE4Editor-AGILA-0036.lib
  Deleted hot-reload file: C:\Users\janca\Documents\Unreal Projects\AGILA_GIT_2\AGILA\Intermediate\Build\Win64\UE4Editor\Development\AGILA\UE4Editor-AGILA-0037.lib
  Deleted hot-reload file: C:\Users\janca\Documents\Unreal Projects\AGILA_GIT_2\AGILA\Intermediate\Build\Win64\UE4Editor\Development\AGILA\UE4Editor-AGILA-0038.lib
  Deleted hot-reload file: C:\Users\janca\Documents\Unreal Projects\AGILA_GIT_2\AGILA\Intermediate\Build\Win64\UE4Editor\Development\AGILA\UE4Editor-AGILA-0039.lib
  Deleted hot-reload file: C:\Users\janca\Documents\Unreal Projects\AGILA_GIT_2\AGILA\Intermediate\Build\Win64\UE4Editor\Development\AGILA\UE4Editor-AGILA-0040.lib
  Deleted hot-reload file: C:\Users\janca\Documents\Unreal Projects\AGILA_GIT_2\AGILA\Intermediate\Build\Win64\UE4Editor\Development\AGILA\UE4Editor-AGILA-0041.lib
  Deleted hot-reload file: C:\Users\janca\Documents\Unreal Projects\AGILA_GIT_2\AGILA\Intermediate\Build\Win64\UE4Editor\Development\AGILA\UE4Editor-AGILA-0042.lib
  Deleted hot-reload file: C:\Users\janca\Documents\Unreal Projects\AGILA_GIT_2\AGILA\Intermediate\Build\Win64\UE4Editor\Development\AGILA\UE4Editor-AGILA-0043.lib
  Deleted hot-reload file: C:\Users\janca\Documents\Unreal Projects\AGILA_GIT_2\AGILA\Intermediate\Build\Win64\UE4Editor\Development\AGILA\UE4Editor-AGILA-0044.lib
  Deleted hot-reload file: C:\Users\janca\Documents\Unreal Projects\AGILA_GIT_2\AGILA\Intermediate\Build\Win64\UE4Editor\Development\AGILA\UE4Editor-AGILA-0045.lib
  Deleted hot-reload file: C:\Users\janca\Documents\Unreal Projects\AGILA_GIT_2\AGILA\Intermediate\Build\Win64\UE4Editor\Development\AGILA\UE4Editor-AGILA-0046.lib
  Deleted hot-reload file: C:\Users\janca\Documents\Unreal Projects\AGILA_GIT_2\AGILA\Intermediate\Build\Win64\UE4Editor\Development\AGILA\UE4Editor-AGILA-0047.lib
  Deleted hot-reload file: C:\Users\janca\Documents\Unreal Projects\AGILA_GIT_2\AGILA\Intermediate\Build\Win64\UE4Editor\Development\AGILA\UE4Editor-AGILA-0048.lib
  Deleted hot-reload file: C:\Users\janca\Documents\Unreal Projects\AGILA_GIT_2\AGILA\Intermediate\Build\Win64\UE4Editor\Development\AGILA\UE4Editor-AGILA-0049.lib
  Deleted hot-reload file: C:\Users\janca\Documents\Unreal Projects\AGILA_GIT_2\AGILA\Intermediate\Build\Win64\UE4Editor\Development\AGILA\UE4Editor-AGILA-0050.lib
  Deleted hot-reload file: C:\Users\janca\Documents\Unreal Projects\AGILA_GIT_2\AGILA\Intermediate\Build\Win64\UE4Editor\Development\AGILA\UE4Editor-AGILA-0051.lib
  Deleted hot-reload file: C:\Users\janca\Documents\Unreal Projects\AGILA_GIT_2\AGILA\Intermediate\Build\Win64\UE4Editor\Development\AGILA\UE4Editor-AGILA-0052.lib
  Deleted hot-reload file: C:\Users\janca\Documents\Unreal Projects\AGILA_GIT_2\AGILA\Intermediate\Build\Win64\UE4Editor\Development\AGILA\UE4Editor-AGILA-0053.lib
  Deleted hot-reload file: C:\Users\janca\Documents\Unreal Projects\AGILA_GIT_2\AGILA\Intermediate\Build\Win64\UE4Editor\Development\AGILA\UE4Editor-AGILA-0054.lib
  Deleted hot-reload file: C:\Users\janca\Documents\Unreal Projects\AGILA_GIT_2\AGILA\Intermediate\Build\Win64\UE4Editor\Development\AGILA\UE4Editor-AGILA-0055.lib
  Deleted hot-reload file: C:\Users\janca\Documents\Unreal Projects\AGILA_GIT_2\AGILA\Intermediate\Build\Win64\UE4Editor\Development\AGILA\UE4Editor-AGILA-0056.lib
  Deleted hot-reload file: C:\Users\janca\Documents\Unreal Projects\AGILA_GIT_2\AGILA\Intermediate\Build\Win64\UE4Editor\Development\AGILA\UE4Editor-AGILA-0057.lib
  Deleted hot-reload file: C:\Users\janca\Documents\Unreal Projects\AGILA_GIT_2\AGILA\Intermediate\Build\Win64\UE4Editor\Development\AGILA\UE4Editor-AGILA-0058.lib
  Deleted hot-reload file: C:\Users\janca\Documents\Unreal Projects\AGILA_GIT_2\AGILA\Intermediate\Build\Win64\UE4Editor\Development\AGILA\UE4Editor-AGILA-0060.lib
  Deleted hot-reload file: C:\Users\janca\Documents\Unreal Projects\AGILA_GIT_2\AGILA\Intermediate\Build\Win64\UE4Editor\Development\AGILA\UE4Editor-AGILA-0063.lib
  Deleted hot-reload file: C:\Users\janca\Documents\Unreal Projects\AGILA_GIT_2\AGILA\Intermediate\Build\Win64\UE4Editor\Development\AGILA\UE4Editor-AGILA-0064.lib
  Deleted hot-reload file: C:\Users\janca\Documents\Unreal Projects\AGILA_GIT_2\AGILA\Intermediate\Build\Win64\UE4Editor\Development\AGILA\UE4Editor-AGILA-0065.lib
  Deleted hot-reload file: C:\Users\janca\Documents\Unreal Projects\AGILA_GIT_2\AGILA\Intermediate\Build\Win64\UE4Editor\Development\AGILA\UE4Editor-AGILA-0066.lib
  Deleted hot-reload file: C:\Users\janca\Documents\Unreal Projects\AGILA_GIT_2\AGILA\Intermediate\Build\Win64\UE4Editor\Development\AGILA\UE4Editor-AGILA-0067.lib
  Deleted hot-reload file: C:\Users\janca\Documents\Unreal Projects\AGILA_GIT_2\AGILA\Intermediate\Build\Win64\UE4Editor\Development\AGILA\UE4Editor-AGILA-0068.lib
  Deleted hot-reload file: C:\Users\janca\Documents\Unreal Projects\AGILA_GIT_2\AGILA\Intermediate\Build\Win64\UE4Editor\Development\AGILA\UE4Editor-AGILA-0069.lib
  Deleted hot-reload file: C:\Users\janca\Documents\Unreal Projects\AGILA_GIT_2\AGILA\Intermediate\Build\Win64\UE4Editor\Development\AGILA\UE4Editor-AGILA-0070.lib
  Deleted hot-reload file: C:\Users\janca\Documents\Unreal Projects\AGILA_GIT_2\AGILA\Intermediate\Build\Win64\UE4Editor\Development\AGILA\UE4Editor-AGILA-0071.lib
  Deleted hot-reload file: C:\Users\janca\Documents\Unreal Projects\AGILA_GIT_2\AGILA\Intermediate\Build\Win64\UE4Editor\Development\AGILA\UE4Editor-AGILA-0072.lib
  Deleted hot-reload file: C:\Users\janca\Documents\Unreal Projects\AGILA_GIT_2\AGILA\Intermediate\Build\Win64\UE4Editor\Development\AGILA\UE4Editor-AGILA-0073.lib
  Deleted hot-reload file: C:\Users\janca\Documents\Unreal Projects\AGILA_GIT_2\AGILA\Intermediate\Build\Win64\UE4Editor\Development\AGILA\UE4Editor-AGILA-0074.lib
  Deleted hot-reload file: C:\Users\janca\Documents\Unreal Projects\AGILA_GIT_2\AGILA\Intermediate\Build\Win64\UE4Editor\Development\AGILA\UE4Editor-AGILA-0075.lib
  Deleted hot-reload file: C:\Users\janca\Documents\Unreal Projects\AGILA_GIT_2\AGILA\Intermediate\Build\Win64\UE4Editor\Development\AGILA\UE4Editor-AGILA-0076.lib
  Deleted hot-reload file: C:\Users\janca\Documents\Unreal Projects\AGILA_GIT_2\AGILA\Intermediate\Build\Win64\UE4Editor\Development\AGILA\UE4Editor-AGILA-0078.lib
  Deleted hot-reload file: C:\Users\janca\Documents\Unreal Projects\AGILA_GIT_2\AGILA\Intermediate\Build\Win64\UE4Editor\Development\AGILA\UE4Editor-AGILA-0079.lib
  Deleted hot-reload file: C:\Users\janca\Documents\Unreal Projects\AGILA_GIT_2\AGILA\Intermediate\Build\Win64\UE4Editor\Development\AGILA\UE4Editor-AGILA-0080.lib
  Deleted hot-reload file: C:\Users\janca\Documents\Unreal Projects\AGILA_GIT_2\AGILA\Intermediate\Build\Win64\UE4Editor\Development\AGILA\UE4Editor-AGILA-0081.lib
  Deleted hot-reload file: C:\Users\janca\Documents\Unreal Projects\AGILA_GIT_2\AGILA\Intermediate\Build\Win64\UE4Editor\Development\AGILA\UE4Editor-AGILA-0082.lib
  Deleted hot-reload file: C:\Users\janca\Documents\Unreal Projects\AGILA_GIT_2\AGILA\Intermediate\Build\Win64\UE4Editor\Development\AGILA\UE4Editor-AGILA-0085.lib
  Deleted hot-reload file: C:\Users\janca\Documents\Unreal Projects\AGILA_GIT_2\AGILA\Intermediate\Build\Win64\UE4Editor\Development\AGILA\UE4Editor-AGILA-0086.lib
  Deleted hot-reload file: C:\Users\janca\Documents\Unreal Projects\AGILA_GIT_2\AGILA\Intermediate\Build\Win64\UE4Editor\Development\AGILA\UE4Editor-AGILA-0087.lib
  Deleted hot-reload file: C:\Users\janca\Documents\Unreal Projects\AGILA_GIT_2\AGILA\Intermediate\Build\Win64\UE4Editor\Development\AGILA\UE4Editor-AGILA-0088.lib
  Deleted hot-reload file: C:\Users\janca\Documents\Unreal Projects\AGILA_GIT_2\AGILA\Intermediate\Build\Win64\UE4Editor\Development\AGILA\UE4Editor-AGILA-0089.lib
  Deleted hot-reload file: C:\Users\janca\Documents\Unreal Projects\AGILA_GIT_2\AGILA\Intermediate\Build\Win64\UE4Editor\Development\AGILA\UE4Editor-AGILA-0090.lib
  Deleted hot-reload file: C:\Users\janca\Documents\Unreal Projects\AGILA_GIT_2\AGILA\Intermediate\Build\Win64\UE4Editor\Development\AGILA\UE4Editor-AGILA-0091.lib
  Deleted hot-reload file: C:\Users\janca\Documents\Unreal Projects\AGILA_GIT_2\AGILA\Intermediate\Build\Win64\UE4Editor\Development\AGILA\UE4Editor-AGILA-0092.lib
  Deleted hot-reload file: C:\Users\janca\Documents\Unreal Projects\AGILA_GIT_2\AGILA\Intermediate\Build\Win64\UE4Editor\Development\AGILA\UE4Editor-AGILA-0093.lib
  Deleted hot-reload file: C:\Users\janca\Documents\Unreal Projects\AGILA_GIT_2\AGILA\Intermediate\Build\Win64\UE4Editor\Development\AGILA\UE4Editor-AGILA-0094.lib
  Deleted hot-reload file: C:\Users\janca\Documents\Unreal Projects\AGILA_GIT_2\AGILA\Intermediate\Build\Win64\UE4Editor\Development\AGILA\UE4Editor-AGILA-0095.lib
  Deleted hot-reload file: C:\Users\janca\Documents\Unreal Projects\AGILA_GIT_2\AGILA\Intermediate\Build\Win64\UE4Editor\Development\AGILA\UE4Editor-AGILA-0096.lib
  Deleted hot-reload file: C:\Users\janca\Documents\Unreal Projects\AGILA_GIT_2\AGILA\Intermediate\Build\Win64\UE4Editor\Development\AGILA\UE4Editor-AGILA-0097.lib
  Deleted hot-reload file: C:\Users\janca\Documents\Unreal Projects\AGILA_GIT_2\AGILA\Intermediate\Build\Win64\UE4Editor\Development\AGILA\UE4Editor-AGILA-0098.lib
  Deleted hot-reload file: C:\Users\janca\Documents\Unreal Projects\AGILA_GIT_2\AGILA\Intermediate\Build\Win64\UE4Editor\Development\AGILA\UE4Editor-AGILA-0099.lib
  Deleted hot-reload file: C:\Users\janca\Documents\Unreal Projects\AGILA_GIT_2\AGILA\Intermediate\Build\Win64\UE4Editor\Development\AGILA\UE4Editor-AGILA-0100.lib
  Deleted hot-reload file: C:\Users\janca\Documents\Unreal Projects\AGILA_GIT_2\AGILA\Intermediate\Build\Win64\UE4Editor\Development\AGILA\UE4Editor-AGILA-0101.lib
  Deleted hot-reload file: C:\Users\janca\Documents\Unreal Projects\AGILA_GIT_2\AGILA\Intermediate\Build\Win64\UE4Editor\Development\AGILA\UE4Editor-AGILA-0102.lib
  Deleted hot-reload file: C:\Users\janca\Documents\Unreal Projects\AGILA_GIT_2\AGILA\Intermediate\Build\Win64\UE4Editor\Development\AGILA\UE4Editor-AGILA-0103.lib
  Deleted hot-reload file: C:\Users\janca\Documents\Unreal Projects\AGILA_GIT_2\AGILA\Intermediate\Build\Win64\UE4Editor\Development\AGILA\UE4Editor-AGILA-0104.lib
  Deleted hot-reload file: C:\Users\janca\Documents\Unreal Projects\AGILA_GIT_2\AGILA\Intermediate\Build\Win64\UE4Editor\Development\AGILA\UE4Editor-AGILA-0105.lib
  Deleted hot-reload file: C:\Users\janca\Documents\Unreal Projects\AGILA_GIT_2\AGILA\Intermediate\Build\Win64\UE4Editor\Development\AGILA\UE4Editor-AGILA-0106.lib
  Deleted hot-reload file: C:\Users\janca\Documents\Unreal Projects\AGILA_GIT_2\AGILA\Intermediate\Build\Win64\UE4Editor\Development\AGILA\UE4Editor-AGILA-0107.lib
  Deleted hot-reload file: C:\Users\janca\Documents\Unreal Projects\AGILA_GIT_2\AGILA\Intermediate\Build\Win64\UE4Editor\Development\AGILA\UE4Editor-AGILA-0108.lib
  Deleted hot-reload file: C:\Users\janca\Documents\Unreal Projects\AGILA_GIT_2\AGILA\Intermediate\Build\Win64\UE4Editor\Development\AGILA\UE4Editor-AGILA-0109.lib
  Deleted hot-reload file: C:\Users\janca\Documents\Unreal Projects\AGILA_GIT_2\AGILA\Intermediate\Build\Win64\UE4Editor\Development\AGILA\UE4Editor-AGILA-0110.lib
  Deleted hot-reload file: C:\Users\janca\Documents\Unreal Projects\AGILA_GIT_2\AGILA\Intermediate\Build\Win64\UE4Editor\Development\AGILA\UE4Editor-AGILA-0111.lib
  Deleted hot-reload file: C:\Users\janca\Documents\Unreal Projects\AGILA_GIT_2\AGILA\Intermediate\Build\Win64\UE4Editor\Development\AGILA\UE4Editor-AGILA-0112.lib
  Deleted hot-reload file: C:\Users\janca\Documents\Unreal Projects\AGILA_GIT_2\AGILA\Intermediate\Build\Win64\UE4Editor\Development\AGILA\UE4Editor-AGILA-0113.lib
  Deleted hot-reload file: C:\Users\janca\Documents\Unreal Projects\AGILA_GIT_2\AGILA\Intermediate\Build\Win64\UE4Editor\Development\AGILA\UE4Editor-AGILA-0114.lib
  Deleted hot-reload file: C:\Users\janca\Documents\Unreal Projects\AGILA_GIT_2\AGILA\Intermediate\Build\Win64\UE4Editor\Development\AGILA\UE4Editor-AGILA-0115.lib
  Deleted hot-reload file: C:\Users\janca\Documents\Unreal Projects\AGILA_GIT_2\AGILA\Intermediate\Build\Win64\UE4Editor\Development\AGILA\UE4Editor-AGILA-0117.lib
  Deleted hot-reload file: C:\Users\janca\Documents\Unreal Projects\AGILA_GIT_2\AGILA\Intermediate\Build\Win64\UE4Editor\Development\AGILA\UE4Editor-AGILA-0118.lib
  Deleted hot-reload file: C:\Users\janca\Documents\Unreal Projects\AGILA_GIT_2\AGILA\Intermediate\Build\Win64\UE4Editor\Development\AGILA\UE4Editor-AGILA-0119.lib
  Deleted hot-reload file: C:\Users\janca\Documents\Unreal Projects\AGILA_GIT_2\AGILA\Intermediate\Build\Win64\UE4Editor\Development\AGILA\UE4Editor-AGILA-0120.lib
  Deleted hot-reload file: C:\Users\janca\Documents\Unreal Projects\AGILA_GIT_2\AGILA\Intermediate\Build\Win64\UE4Editor\Development\AGILA\UE4Editor-AGILA-0121.lib
  Deleted hot-reload file: C:\Users\janca\Documents\Unreal Projects\AGILA_GIT_2\AGILA\Intermediate\Build\Win64\UE4Editor\Development\AGILA\UE4Editor-AGILA-0122.lib
  Deleted hot-reload file: C:\Users\janca\Documents\Unreal Projects\AGILA_GIT_2\AGILA\Intermediate\Build\Win64\UE4Editor\Development\AGILA\UE4Editor-AGILA-0123.lib
  Deleted hot-reload file: C:\Users\janca\Documents\Unreal Projects\AGILA_GIT_2\AGILA\Intermediate\Build\Win64\UE4Editor\Development\AGILA\UE4Editor-AGILA-0124.lib
  Deleted hot-reload file: C:\Users\janca\Documents\Unreal Projects\AGILA_GIT_2\AGILA\Intermediate\Build\Win64\UE4Editor\Development\AGILA\UE4Editor-AGILA-0125.lib
  Deleted hot-reload file: C:\Users\janca\Documents\Unreal Projects\AGILA_GIT_2\AGILA\Intermediate\Build\Win64\UE4Editor\Development\AGILA\UE4Editor-AGILA-0126.lib
  Building AGILAEditor...
  Using Visual Studio 2019 14.27.29112 toolchain (C:\Program Files (x86)\Microsoft Visual Studio\2019\Community\VC\Tools\MSVC\14.27.29110) and Windows 10.0.18362.0 SDK (C:\Program Files (x86)\Windows Kits\10).
  Building 4 actions with 4 processes...
    [1/4] Eagle_Grab.cpp
    [2/4] UE4Editor-AGILA.lib
       Creating library C:\Users\janca\Documents\Unreal Projects\AGILA_GIT_2\AGILA\Intermediate\Build\Win64\UE4Editor\Development\AGILA\UE4Editor-AGILA.lib and object C:\Users\janca\Documents\Unreal Projects\AGILA_GIT_2\AGILA\Intermediate\Build\Win64\UE4Editor\Development\AGILA\UE4Editor-AGILA.exp
    [3/4] UE4Editor-AGILA.dll
       Creating library C:\Users\janca\Documents\Unreal Projects\AGILA_GIT_2\AGILA\Intermediate\Build\Win64\UE4Editor\Development\AGILA\UE4Editor-AGILA.suppressed.lib and object C:\Users\janca\Documents\Unreal Projects\AGILA_GIT_2\AGILA\Intermediate\Build\Win64\UE4Editor\Development\AGILA\UE4Editor-AGILA.suppressed.exp
    [4/4] AGILAEditor.target
  Total time in Parallel executor: 2.28 seconds
  Total execution time: 3.38 seconds
